current directory: /home/ec2-user/gmaps/vedor/bundle/ruby/2.0.0/gems/sqlite3-1.3.11/ext/sqlite3
/home/ec2-user/.rbenv/versions/2.0.0-p648/bin/ruby -r ./siteconf20160824-3891-1q7ssy4.rb extconf.rb
checking for sqlite3.h... yes
checking for sqlite3_libversion_number() in -lsqlite3... yes
checking for rb_proc_arity()... yes
checking for rb_integer_pack()... no
checking for sqlite3_initialize()... yes
checking for sqlite3_backup_init()... yes
checking for sqlite3_column_database_name()... yes
checking for sqlite3_enable_load_extension()... yes
checking for sqlite3_load_extension()... yes
checking for sqlite3_open_v2()... yes
checking for sqlite3_prepare_v2()... yes
checking for sqlite3_int64 in sqlite3.h... yes
checking for sqlite3_uint64 in sqlite3.h... yes
creating Makefile

To see why this extension failed to compile, please check the mkmf.log which can be found here:

  /home/ec2-user/gmaps/vedor/bundle/ruby/2.0.0/extensions/x86_64-linux/2.0.0-static/sqlite3-1.3.11/mkmf.log

current directory: /home/ec2-user/gmaps/vedor/bundle/ruby/2.0.0/gems/sqlite3-1.3.11/ext/sqlite3
make "DESTDIR=" clean

current directory: /home/ec2-user/gmaps/vedor/bundle/ruby/2.0.0/gems/sqlite3-1.3.11/ext/sqlite3
make "DESTDIR="
compiling backup.c
compiling database.c
compiling statement.c
compiling exception.c
compiling sqlite3.c
linking shared-object sqlite3/sqlite3_native.so

current directory: /home/ec2-user/gmaps/vedor/bundle/ruby/2.0.0/gems/sqlite3-1.3.11/ext/sqlite3
make "DESTDIR=" install
/usr/bin/install -c -m 0755 sqlite3_native.so ./.gem.20160824-3891-cm74cy/sqlite3
installing default sqlite3_native libraries
