current directory: /home/ec2-user/gmaps/vedor/bundle/ruby/2.0.0/gems/therubyracer-0.12.2/ext/v8
/home/ec2-user/.rbenv/versions/2.0.0-p648/bin/ruby -r ./siteconf20160824-3891-1arvdw3.rb extconf.rb
checking for main() in -lpthread... yes
creating Makefile

To see why this extension failed to compile, please check the mkmf.log which can be found here:

  /home/ec2-user/gmaps/vedor/bundle/ruby/2.0.0/extensions/x86_64-linux/2.0.0-static/therubyracer-0.12.2/mkmf.log

current directory: /home/ec2-user/gmaps/vedor/bundle/ruby/2.0.0/gems/therubyracer-0.12.2/ext/v8
make "DESTDIR=" clean

current directory: /home/ec2-user/gmaps/vedor/bundle/ruby/2.0.0/gems/therubyracer-0.12.2/ext/v8
make "DESTDIR="
compiling v8.cc
compiling context.cc
compiling external.cc
compiling heap.cc
compiling constraints.cc
compiling exception.cc
compiling backref.cc
compiling constants.cc
compiling message.cc
compiling stack.cc
compiling rr.cc
compiling trycatch.cc
compiling invocation.cc
compiling gc.cc
compiling script.cc
compiling template.cc
compiling locker.cc
compiling function.cc
compiling primitive.cc
compiling date.cc
compiling object.cc
compiling string.cc
compiling signature.cc
compiling init.cc
compiling handles.cc
compiling array.cc
compiling accessor.cc
compiling value.cc
linking shared-object v8/init.so

current directory: /home/ec2-user/gmaps/vedor/bundle/ruby/2.0.0/gems/therubyracer-0.12.2/ext/v8
make "DESTDIR=" install
/usr/bin/install -c -m 0755 init.so ./.gem.20160824-3891-5uu5c5/v8
installing default init libraries
